==7138== Memcheck, a memory error detector
==7138== Copyright (C) 2002-2017, and GNU GPL'd, by Julian Seward et al.
==7138== Using Valgrind-3.13.0 and LibVEX; rerun with -h for copyright info
==7138== Command: ./so_long map.ber
==7138== 
==7138== 
==7138== HEAP SUMMARY:
==7138==     in use at exit: 72 bytes in 7 blocks
==7138==   total heap usage: 15 allocs, 8 frees, 418 bytes allocated
==7138== 
==7138== 9 bytes in 1 blocks are definitely lost in loss record 1 of 7
==7138==    at 0x4C2FB0F: malloc (in /usr/lib/valgrind/vgpreload_memcheck-amd64-linux.so)
==7138==    by 0x4014F6: ft_substr (in /home/user42/Documents/So_long/so_long)
==7138==    by 0x400D00: stock_line (get_next_line.c:45)
==7138==    by 0x400E78: get_next_line (get_next_line.c:78)
==7138==    by 0x400984: get_file (get_file.c:30)
==7138==    by 0x400821: main (main.c:13)
==7138== 
==7138== 9 bytes in 1 blocks are definitely lost in loss record 2 of 7
==7138==    at 0x4C2FB0F: malloc (in /usr/lib/valgrind/vgpreload_memcheck-amd64-linux.so)
==7138==    by 0x4014F6: ft_substr (in /home/user42/Documents/So_long/so_long)
==7138==    by 0x400D00: stock_line (get_next_line.c:45)
==7138==    by 0x400E78: get_next_line (get_next_line.c:78)
==7138==    by 0x400984: get_file (get_file.c:30)
==7138==    by 0x40099D: get_file (get_file.c:31)
==7138==    by 0x400821: main (main.c:13)
==7138== 
==7138== 9 bytes in 1 blocks are definitely lost in loss record 3 of 7
==7138==    at 0x4C2FB0F: malloc (in /usr/lib/valgrind/vgpreload_memcheck-amd64-linux.so)
==7138==    by 0x4014F6: ft_substr (in /home/user42/Documents/So_long/so_long)
==7138==    by 0x400D00: stock_line (get_next_line.c:45)
==7138==    by 0x400E78: get_next_line (get_next_line.c:78)
==7138==    by 0x400984: get_file (get_file.c:30)
==7138==    by 0x40099D: get_file (get_file.c:31)
==7138==    by 0x40099D: get_file (get_file.c:31)
==7138==    by 0x400821: main (main.c:13)
==7138== 
==7138== 9 bytes in 1 blocks are definitely lost in loss record 4 of 7
==7138==    at 0x4C2FB0F: malloc (in /usr/lib/valgrind/vgpreload_memcheck-amd64-linux.so)
==7138==    by 0x4014F6: ft_substr (in /home/user42/Documents/So_long/so_long)
==7138==    by 0x400D00: stock_line (get_next_line.c:45)
==7138==    by 0x400E78: get_next_line (get_next_line.c:78)
==7138==    by 0x400984: get_file (get_file.c:30)
==7138==    by 0x40099D: get_file (get_file.c:31)
==7138==    by 0x40099D: get_file (get_file.c:31)
==7138==    by 0x40099D: get_file (get_file.c:31)
==7138==    by 0x400821: main (main.c:13)
==7138== 
==7138== 9 bytes in 1 blocks are definitely lost in loss record 5 of 7
==7138==    at 0x4C2FB0F: malloc (in /usr/lib/valgrind/vgpreload_memcheck-amd64-linux.so)
==7138==    by 0x4014F6: ft_substr (in /home/user42/Documents/So_long/so_long)
==7138==    by 0x400D00: stock_line (get_next_line.c:45)
==7138==    by 0x400E78: get_next_line (get_next_line.c:78)
==7138==    by 0x400984: get_file (get_file.c:30)
==7138==    by 0x40099D: get_file (get_file.c:31)
==7138==    by 0x40099D: get_file (get_file.c:31)
==7138==    by 0x40099D: get_file (get_file.c:31)
==7138==    by 0x40099D: get_file (get_file.c:31)
==7138==    by 0x400821: main (main.c:13)
==7138== 
==7138== 9 bytes in 1 blocks are definitely lost in loss record 6 of 7
==7138==    at 0x4C2FB0F: malloc (in /usr/lib/valgrind/vgpreload_memcheck-amd64-linux.so)
==7138==    by 0x4014F6: ft_substr (in /home/user42/Documents/So_long/so_long)
==7138==    by 0x400D00: stock_line (get_next_line.c:45)
==7138==    by 0x400E78: get_next_line (get_next_line.c:78)
==7138==    by 0x400984: get_file (get_file.c:30)
==7138==    by 0x40099D: get_file (get_file.c:31)
==7138==    by 0x40099D: get_file (get_file.c:31)
==7138==    by 0x40099D: get_file (get_file.c:31)
==7138==    by 0x40099D: get_file (get_file.c:31)
==7138==    by 0x40099D: get_file (get_file.c:31)
==7138==    by 0x400821: main (main.c:13)
==7138== 
==7138== 18 bytes in 1 blocks are definitely lost in loss record 7 of 7
==7138==    at 0x4C2FB0F: malloc (in /usr/lib/valgrind/vgpreload_memcheck-amd64-linux.so)
==7138==    by 0x4014F6: ft_substr (in /home/user42/Documents/So_long/so_long)
==7138==    by 0x400D37: stock_line (get_next_line.c:46)
==7138==    by 0x400E78: get_next_line (get_next_line.c:78)
==7138==    by 0x400984: get_file (get_file.c:30)
==7138==    by 0x40099D: get_file (get_file.c:31)
==7138==    by 0x40099D: get_file (get_file.c:31)
==7138==    by 0x40099D: get_file (get_file.c:31)
==7138==    by 0x40099D: get_file (get_file.c:31)
==7138==    by 0x40099D: get_file (get_file.c:31)
==7138==    by 0x400821: main (main.c:13)
==7138== 
==7138== LEAK SUMMARY:
==7138==    definitely lost: 72 bytes in 7 blocks
==7138==    indirectly lost: 0 bytes in 0 blocks
==7138==      possibly lost: 0 bytes in 0 blocks
==7138==    still reachable: 0 bytes in 0 blocks
==7138==         suppressed: 0 bytes in 0 blocks
==7138== 
==7138== For counts of detected and suppressed errors, rerun with: -v
==7138== ERROR SUMMARY: 7 errors from 7 contexts (suppressed: 0 from 0)
